TN:
SF:src/utils/date.ts
FN:3,formatDate
FN:7,formatDateTime
FN:11,formatTime
FN:15,getToday
FNF:4
FNH:0
FNDA:0,formatDate
FNDA:0,formatDateTime
FNDA:0,formatTime
FNDA:0,getToday
DA:4,0
DA:8,0
DA:12,0
DA:16,0
LF:4
LH:0
BRDA:3,0,0,0
BRDA:7,1,0,0
BRDA:11,2,0,0
BRDA:15,3,0,0
BRF:4
BRH:0
end_of_record
TN:
SF:src/utils/index.ts
FNF:0
FNH:0
LF:0
LH:0
BRF:0
BRH:0
end_of_record
TN:
SF:src/utils/storage.ts
FN:1,storageGet
FN:10,storageSet
FN:18,storageRemove
FN:22,storageClear
FNF:4
FNH:0
FNDA:0,storageGet
FNDA:0,storageSet
FNDA:0,storageRemove
FNDA:0,storageClear
DA:2,0
DA:3,0
DA:4,0
DA:6,0
DA:11,0
DA:12,0
DA:14,0
DA:19,0
DA:23,0
LF:9
LH:0
BRDA:4,0,0,0
BRDA:4,0,1,0
BRF:2
BRH:0
end_of_record
TN:
SF:src/utils/toast.ts
FN:16,showToast
FN:32,(anonymous_1)
FN:35,(anonymous_2)
FN:38,(anonymous_3)
FN:41,(anonymous_4)
FN:44,(anonymous_5)
FN:47,(anonymous_6)
FN:63,handleError
FNF:8
FNH:8
FNDA:20,showToast
FNDA:2,(anonymous_1)
FNDA:4,(anonymous_2)
FNDA:2,(anonymous_3)
FNDA:11,(anonymous_4)
FNDA:1,(anonymous_5)
FNDA:4,(anonymous_6)
FNDA:8,handleError
DA:14,1
DA:21,20
DA:22,20
DA:31,1
DA:33,2
DA:36,4
DA:39,2
DA:42,11
DA:45,1
DA:48,4
DA:49,4
DA:64,8
DA:65,8
DA:66,8
LF:14
LH:14
BRDA:21,0,0,20
BRDA:21,1,0,20
BRDA:21,2,0,20
BRDA:21,3,0,20
BRDA:21,3,1,18
BRDA:47,4,0,4
BRDA:48,5,0,4
BRDA:48,6,0,4
BRDA:48,7,0,4
BRDA:48,8,0,4
BRDA:48,8,1,4
BRDA:63,9,0,8
BRDA:64,10,0,8
BRDA:64,10,1,5
BRDA:64,10,2,4
BRF:15
BRH:15
end_of_record
TN:
SF:src/utils/url.ts
FN:1,parseHttpUrl
FN:13,isSafeHttpUrl
FN:17,openSafeExternalUrl
FN:30,saveBlob
FNF:4
FNH:0
FNDA:0,parseHttpUrl
FNDA:0,isSafeHttpUrl
FNDA:0,openSafeExternalUrl
FNDA:0,saveBlob
DA:2,0
DA:3,0
DA:4,0
DA:5,0
DA:7,0
DA:9,0
DA:14,0
DA:18,0
DA:19,0
DA:20,0
DA:23,0
DA:24,0
DA:25,0
DA:27,0
DA:31,0
DA:32,0
DA:33,0
DA:34,0
DA:35,0
DA:36,0
DA:37,0
DA:38,0
DA:39,0
LF:23
LH:0
BRDA:4,0,0,0
BRDA:4,0,1,0
BRDA:19,1,0,0
BRDA:19,1,1,0
BRDA:24,2,0,0
BRDA:24,2,1,0
BRF:6
BRH:0
end_of_record
